Timestamp: 2026-01-17T11:12:11.989670
Error during POST /login (login attempt):
Traceback (most recent call last):
  File "C:\Users\Nivaldo\Desktop\Desenvolvimento\2026\transpGaucho\kadoshBot\front_postgres\.venv\Lib\site-packages\sqlalchemy\engine\base.py", line 1967, in _exec_single_context
    self.dialect.do_execute(
  File "C:\Users\Nivaldo\Desktop\Desenvolvimento\2026\transpGaucho\kadoshBot\front_postgres\.venv\Lib\site-packages\sqlalchemy\engine\default.py", line 952, in do_execute
    cursor.execute(statement, parameters)
psycopg2.OperationalError: server closed the connection unexpectedly
	This probably means the server terminated abnormally
	before or while processing the request.
server closed the connection unexpectedly
	This probably means the server terminated abnormally
	before or while processing the request.


The above exception was the direct cause of the following exception:

Traceback (most recent call last):
  File "C:\Users\Nivaldo\Desktop\Desenvolvimento\2026\transpGaucho\kadoshBot\front_postgres\app.py", line 266, in login
    user = Usuario.query.filter_by(username=username).first()
           ^^^^^^^^^^^^^^^^^^^^^^^^^^^^^^^^^^^^^^^^^^^^^^^^^^
  File "C:\Users\Nivaldo\Desktop\Desenvolvimento\2026\transpGaucho\kadoshBot\front_postgres\.venv\Lib\site-packages\sqlalchemy\orm\query.py", line 2759, in first
    return self.limit(1)._iter().first()  # type: ignore
           ^^^^^^^^^^^^^^^^^^^^^
  File "C:\Users\Nivaldo\Desktop\Desenvolvimento\2026\transpGaucho\kadoshBot\front_postgres\.venv\Lib\site-packages\sqlalchemy\orm\query.py", line 2857, in _iter
    result: Union[ScalarResult[_T], Result[_T]] = self.session.execute(
                                                  ^^^^^^^^^^^^^^^^^^^^^
  File "C:\Users\Nivaldo\Desktop\Desenvolvimento\2026\transpGaucho\kadoshBot\front_postgres\.venv\Lib\site-packages\sqlalchemy\orm\session.py", line 2351, in execute
    return self._execute_internal(
           ^^^^^^^^^^^^^^^^^^^^^^^
  File "C:\Users\Nivaldo\Desktop\Desenvolvimento\2026\transpGaucho\kadoshBot\front_postgres\.venv\Lib\site-packages\sqlalchemy\orm\session.py", line 2249, in _execute_internal
    result: Result[Any] = compile_state_cls.orm_execute_statement(
                          ^^^^^^^^^^^^^^^^^^^^^^^^^^^^^^^^^^^^^^^^
  File "C:\Users\Nivaldo\Desktop\Desenvolvimento\2026\transpGaucho\kadoshBot\front_postgres\.venv\Lib\site-packages\sqlalchemy\orm\context.py", line 306, in orm_execute_statement
    result = conn.execute(
             ^^^^^^^^^^^^^
  File "C:\Users\Nivaldo\Desktop\Desenvolvimento\2026\transpGaucho\kadoshBot\front_postgres\.venv\Lib\site-packages\sqlalchemy\engine\base.py", line 1419, in execute
    return meth(
           ^^^^^
  File "C:\Users\Nivaldo\Desktop\Desenvolvimento\2026\transpGaucho\kadoshBot\front_postgres\.venv\Lib\site-packages\sqlalchemy\sql\elements.py", line 527, in _execute_on_connection
    return connection._execute_clauseelement(
           ^^^^^^^^^^^^^^^^^^^^^^^^^^^^^^^^^^
  File "C:\Users\Nivaldo\Desktop\Desenvolvimento\2026\transpGaucho\kadoshBot\front_postgres\.venv\Lib\site-packages\sqlalchemy\engine\base.py", line 1641, in _execute_clauseelement
    ret = self._execute_context(
          ^^^^^^^^^^^^^^^^^^^^^^
  File "C:\Users\Nivaldo\Desktop\Desenvolvimento\2026\transpGaucho\kadoshBot\front_postgres\.venv\Lib\site-packages\sqlalchemy\engine\base.py", line 1846, in _execute_context
    return self._exec_single_context(
           ^^^^^^^^^^^^^^^^^^^^^^^^^^
  File "C:\Users\Nivaldo\Desktop\Desenvolvimento\2026\transpGaucho\kadoshBot\front_postgres\.venv\Lib\site-packages\sqlalchemy\engine\base.py", line 1986, in _exec_single_context
    self._handle_dbapi_exception(
  File "C:\Users\Nivaldo\Desktop\Desenvolvimento\2026\transpGaucho\kadoshBot\front_postgres\.venv\Lib\site-packages\sqlalchemy\engine\base.py", line 2363, in _handle_dbapi_exception
    raise sqlalchemy_exception.with_traceback(exc_info[2]) from e
  File "C:\Users\Nivaldo\Desktop\Desenvolvimento\2026\transpGaucho\kadoshBot\front_postgres\.venv\Lib\site-packages\sqlalchemy\engine\base.py", line 1967, in _exec_single_context
    self.dialect.do_execute(
  File "C:\Users\Nivaldo\Desktop\Desenvolvimento\2026\transpGaucho\kadoshBot\front_postgres\.venv\Lib\site-packages\sqlalchemy\engine\default.py", line 952, in do_execute
    cursor.execute(statement, parameters)
sqlalchemy.exc.OperationalError: (psycopg2.OperationalError) server closed the connection unexpectedly
	This probably means the server terminated abnormally
	before or while processing the request.
server closed the connection unexpectedly
	This probably means the server terminated abnormally
	before or while processing the request.

[SQL: SELECT usuario.id AS usuario_id, usuario.username AS usuario_username, usuario.password_hash AS usuario_password_hash, usuario.nome AS usuario_nome, usuario.email AS usuario_email, usuario.telefone_fixo AS usuario_telefone_fixo, usuario.celular AS usuario_celular, usuario.foto_perfil AS usuario_foto_perfil, usuario.role AS usuario_role 
FROM usuario 
WHERE usuario.username = %(username_1)s 
 LIMIT %(param_1)s]
[parameters: {'username_1': 'admin', 'param_1': 1}]
(Background on this error at: https://sqlalche.me/e/20/e3q8)
